<?xml version="1.0" encoding="UTF-8"?>
<testng-results skipped="0" failed="0" ignored="0" total="1" passed="1">
  <reporter-output>
  </reporter-output>
  <suite name="Testng Cucumber Suite" duration-ms="132770" started-at="2019-03-19T14:47:25Z" finished-at="2019-03-19T14:49:38Z">
    <groups>
      <group name="cucumber">
        <method signature="AbstractTestNGCucumberTests.feature(cucumber.api.testng.CucumberFeatureWrapper)[pri:0, instance:cucumberoptions.TestRunner@239963d8]" name="feature" class="cucumber.api.testng.AbstractTestNGCucumberTests"/>
      </group> <!-- cucumber -->
    </groups>
    <test name="Testing QA Click" duration-ms="132770" started-at="2019-03-19T14:47:25Z" finished-at="2019-03-19T14:49:38Z">
      <class name="cucumberoptions.TestRunner">
        <test-method status="PASS" signature="setUpClass()[pri:0, instance:cucumberoptions.TestRunner@239963d8]" name="setUpClass" is-config="true" duration-ms="281" started-at="2019-03-19T14:47:25Z" finished-at="2019-03-19T14:47:26Z">
          <reporter-output>
          </reporter-output>
        </test-method> <!-- setUpClass -->
        <test-method status="PASS" signature="feature(cucumber.api.testng.CucumberFeatureWrapper)[pri:0, instance:cucumberoptions.TestRunner@239963d8]" name="feature" duration-ms="132332" started-at="2019-03-19T14:47:26Z" description="Runs Cucumber Feature" data-provider="features" finished-at="2019-03-19T14:49:38Z">
          <params>
            <param index="0">
              <value>
                <![CDATA[Feature to validate info and phone links]]>
              </value>
            </param>
          </params>
          <reporter-output>
          </reporter-output>
        </test-method> <!-- feature -->
        <test-method status="PASS" signature="tearDownClass()[pri:0, instance:cucumberoptions.TestRunner@239963d8]" name="tearDownClass" is-config="true" duration-ms="47" started-at="2019-03-19T14:49:38Z" finished-at="2019-03-19T14:49:38Z">
          <reporter-output>
          </reporter-output>
        </test-method> <!-- tearDownClass -->
      </class> <!-- cucumberoptions.TestRunner -->
    </test> <!-- Testing QA Click -->
  </suite> <!-- Testng Cucumber Suite -->
</testng-results>
